1759923551912	geckodriver	INFO	Listening on 127.0.0.1:50325
1759923555064	mozrunner::runner	INFO	Running command: "C:\\Program Files\\Mozilla Firefox\\firefox.exe" "--marionette" "--remote-debugging-port" "50326" "--remote-allow-hosts" "localhost" "-no-remote" "-profile" "C:\\Users\\Huy\\AppData\\Local\\Temp\\rust_mozprofileKlqwzH"
console.warn: services.settings: Ignoring preference override of remote settings server
console.warn: services.settings: Allow by setting MOZ_REMOTE_SETTINGS_DEVTOOLS=1 in the environment
Dynamically enable window occlusion 0
1759923555337	Marionette	INFO	Marionette enabled
1759923555406	Marionette	INFO	Listening on port 50338
WebDriver BiDi listening on ws://127.0.0.1:50326
Read port: 50338
1759923555631	RemoteAgent	WARN	TLS certificate errors will be ignored for this session
JavaScript warning: https://lib.qnu.edu.vn/assets/js/jquery-1.9.1.min.js, line 2: Using //@ to indicate sourceMappingURL pragmas is deprecated. Use //# instead
JavaScript warning: https://www.google.com/js/th/wLo2MhzfDFDp6VyLb-zQZ3IhlDyP0tryxX6fHt85tVY.js, line 6618: unreachable code after return statement
JavaScript warning: https://www.google.com/js/th/wLo2MhzfDFDp6VyLb-zQZ3IhlDyP0tryxX6fHt85tVY.js, line 6618: unreachable code after return statement
JavaScript warning: https://www.google.com/js/th/wLo2MhzfDFDp6VyLb-zQZ3IhlDyP0tryxX6fHt85tVY.js, line 6618: unreachable code after return statement
JavaScript warning: https://www.google.com/js/th/wLo2MhzfDFDp6VyLb-zQZ3IhlDyP0tryxX6fHt85tVY.js, line 6618: unreachable code after return statement
JavaScript warning: https://www.google.com/js/th/wLo2MhzfDFDp6VyLb-zQZ3IhlDyP0tryxX6fHt85tVY.js line 2 > eval, line 6618: unreachable code after return statement
JavaScript warning: https://www.google.com/js/th/wLo2MhzfDFDp6VyLb-zQZ3IhlDyP0tryxX6fHt85tVY.js line 2 > eval, line 1: unreachable code after return statement
JavaScript warning: https://www.google.com/js/th/wLo2MhzfDFDp6VyLb-zQZ3IhlDyP0tryxX6fHt85tVY.js line 2 > eval line 6618 > eval, line 1: unreachable code after return statement
JavaScript warning: https://www.google.com/js/th/wLo2MhzfDFDp6VyLb-zQZ3IhlDyP0tryxX6fHt85tVY.js line 2 > eval, line 6618: unreachable code after return statement
JavaScript warning: https://www.google.com/js/th/wLo2MhzfDFDp6VyLb-zQZ3IhlDyP0tryxX6fHt85tVY.js line 2 > eval, line 6618: unreachable code after return statement
JavaScript warning: https://www.google.com/js/th/wLo2MhzfDFDp6VyLb-zQZ3IhlDyP0tryxX6fHt85tVY.js line 2 > eval, line 6618: unreachable code after return statement
JavaScript warning: https://www.google.com/js/th/wLo2MhzfDFDp6VyLb-zQZ3IhlDyP0tryxX6fHt85tVY.js line 2 > eval line 6618 > eval line 1 > eval, line 1: unreachable code after return statement
JavaScript warning: https://www.google.com/js/th/wLo2MhzfDFDp6VyLb-zQZ3IhlDyP0tryxX6fHt85tVY.js line 2 > eval line 6618 > eval line 1 > eval line 1 > eval, line 1: unreachable code after return statement
JavaScript warning: https://www.youtube.com/s/player/17ad44a3/www-embed-player.vflset/www-embed-player.js, line 1186: Script terminated by timeout at:
fq/<@https://www.youtube.com/s/player/17ad44a3/www-embed-player.vflset/www-embed-player.js:1186:47

1759923561177	Marionette	INFO	Stopped listening on port 50338
Dynamically enable window occlusion 1
console.error: "Failed to fetch https://spocs.getpocket.com/user:" "NetworkError when attempting to fetch resource."
console.error: (new TypeError("NetworkError when attempting to fetch resource.", ""))
console.error: (new Error("OHTTP was configured for https://ads.mozilla.org/v1/delete_user but we couldn't fetch a valid config", "moz-src:///browser/modules/ContextId.sys.mjs", 234))
console.warn: TopSitesFeed: Failed to fetch data from MARS server: NetworkError when attempting to fetch resource.
JavaScript error: resource://gre/modules/ObliviousHTTP.sys.mjs, line 105: NS_ERROR_XPC_CANT_CONVERT_PRIMITIVE_TO_ARRAY: Cannot convert primitive JavaScript value into an array arg 2 [nsIObliviousHttpService.newChannel]
JavaScript error: resource://services-settings/RemoteSettingsClient.sys.mjs, line 102: Error: Unknown callback
